[WARNING] Duplicate value found: 肺栓塞 -> ['DIA_PEM', 'SYM_CRP_PULMONARY_EMBOLISM', 'SYM_LUNG_EMBOLISM']
[WARNING] Duplicate value found: 肺气肿 -> ['DIA_EMP', 'SYM_PNEUMATOCELE', 'SYM_PNEUMONIC_LUNGS']
[WARNING] Duplicate value found:  -> ['DIA_MOREDG_HPRL_H', 'SYM_CRP_CDF_T_16', 'SYM_NECROSIS', 'SYM_SHORTNESS_OF_BREATH', 'SYM_SWELLING_FOOT', 'EXM_OBSERVATION']
[WARNING] Duplicate value found: 库欣病 -> ['DIA_MOREDG_CUSHING_F', 'DIA_MOREDG_CUSHING_H']
[WARNING] Duplicate value found: 垂体前叶功能不全 -> ['DIA_MOREDG_PAN_HYPOPT_F', 'DIA_MOREDG_PAN_HYPOPT_H']
[WARNING] Duplicate value found: 艾迪生病 -> ['DIA_MOREDG_ADDISON_F', 'DIA_MOREDG_ADDISON_H']
[WARNING] Duplicate value found: 21-羟化酶阻断 -> ['DIA_MOREDG_BLOC_ENZ_F', 'DIA_MOREDG_BLOC_ENZ_H']
[WARNING] Duplicate value found: 脑炎 -> ['DIA_ECS', 'SYM_CRP_ENCEPHALITIS', 'SYM_BRAIN_INFLAMMATION']
[WARNING] Duplicate value found: 导管原位癌 -> ['DIA_ONCO_CRP_BREC1_0', 'DIA_ONCO_CRP_BREC1_0M', 'SYM_ONCO_CRP_BREC01_0_DETECTED']
[WARNING] Duplicate value found: 浸润性导管癌 -> ['DIA_ONCO_CRP_BREC1_1_V2', 'DIA_ONCO_CRP_BREC1_1M_V2']
[WARNING] Duplicate value found: 转移性乳腺癌 -> ['DIA_ONCO_CRP_BREC1_2', 'DIA_ONCO_CRP_BREC1_2M']
[WARNING] Duplicate value found: 涎腺导管癌 -> ['DIA_ONCO_CRP_ORA002_1', 'DIA_ONCO_CRP_ORA002_1F']
[WARNING] Duplicate value found: 鼻中隔穿孔 -> ['DIA_CRP_JM_SPF', 'SYM_SLP_NOSE_SEPTALPERF_V2', 'SYM_CRP_JM_PERFORATED_SEPTUM']
[WARNING] Duplicate value found: 掌腱膜挛缩症（单纯性）（重建） -> ['DIA_PLAS_R_HAND_01_M', 'DIA_PLAS_R_HAND_01_F']
[WARNING] Duplicate value found: 透明细胞肾细胞癌：II期 -> ['DIA_KN_CCRCC_LOC_2', 'DIA_KN_CCRCC_SP_2']
[WARNING] Duplicate value found: 透明细胞肾细胞癌：III期 -> ['DIA_KN_CCRCC_INFA_3', 'DIA_KN_CCRCC_3']
[WARNING] Duplicate value found: 腹膜外膀胱破裂 -> ['DIA_KN_EXRUP_1', 'DIA_KN_EXRUP_2', 'SYM_KN_EX_RUP_1']
[WARNING] Duplicate value found: 脓肿 -> ['SYM_ABSCESS', 'SYM_OTOR_ABSCESS', 'SYM_CRP_ABSCESS', 'SYM_PLAS_ABSCESS', 'SYM_ABCES']
[WARNING] Duplicate value found: 昏迷 -> ['SYM_COMA', 'SYM_UNCONSCIOUSNESS']
[WARNING] Duplicate value found: 呼吸困难 -> ['SYM_DYSPNEA', 'SYM_BREATHING_DIFFICULTIES']
[WARNING] Duplicate value found: 头部损伤 -> ['SYM_HEAD_TRAUMA', 'SYM_INJURY_TO_THE_HEAD']
[WARNING] Duplicate value found: 术后神经病理性疼痛 -> ['SYM_SLP_NERVE_DAMAGE', 'SYM_SLP_PLAS_NERVE_DAMAGE_V2']
[WARNING] Duplicate value found: 高钙血症 -> ['SYM_SLP_HYPERCALCEMIA', 'SYM_UR_HYPERCALCEMIA', 'SYM_HEM_HYPERCALCEMIA', 'SYM_MOREDG_HYPERCALCEMIA']
[WARNING] Duplicate value found: 耳部损伤 -> ['SYM_JM_EAR_DAMAGE', 'SYM_CRP_EAR_DAMAGE']
[WARNING] Duplicate value found: 鼻部疼痛 -> ['SYM_JM_NASAL_PAIN', 'SYM_CRP_NASAL_PAIN']
[WARNING] Duplicate value found: 嗅觉和/或味觉丧失 -> ['SYM_JM_LOSS_OF_SMELL_OR_TASTE', 'SYM_CRP_LOSS_OF_SMELL_OR_TASTE']
[WARNING] Duplicate value found: 鼻部损伤 -> ['SYM_JM_NOSE_DAMAGE', 'SYM_CRP_NOSE_DAMAGE']
[WARNING] Duplicate value found: 颈部肿胀 -> ['SYM_JM_SWOLLEN_NECK', 'SYM_CRP_SWOLLEN_NECK']
[WARNING] Duplicate value found: 口干症 -> ['SYM_JM_DRY_MOUTH', 'SYM_CRP_DRY_MOUTH']
[WARNING] Duplicate value found: 耳鸣 -> ['SYM_JM_RINGING_IN_THE_EARS', 'SYM_RINGING_IN_THE_EARS']
[WARNING] Duplicate value found: 胃酸过多 -> ['SYM_JM_HYPERACIDITY', 'SYM_HYPERACIDITY']
[WARNING] Duplicate value found: 肺部穿孔 -> ['SYM_JM_LUNGS_PERFORATED', 'SYM_PUNCTURED_LUNGS']
[WARNING] Duplicate value found: 勃起功能障碍 -> ['SYM_CRP_ED', 'SYM_KN_EREC_DYS']
[WARNING] Duplicate value found: 盆腔肿块异常 -> ['SYM_CRP_APM', 'SYM_CRP_OVAR_CYST']
[WARNING] Duplicate value found: 血小板增多 -> ['SYM_CRP_THROMBOCYTOSE', 'SYM_THROMBOCYTHEMIA']
[WARNING] Duplicate value found: 伤口感染 -> ['SYM_CRP_WOUND_INFECTION2', 'SYM_INFECTED_WOUND', 'SYM_WOUND_INFECTION']
[WARNING] Duplicate value found: 肝肿大 -> ['SYM_CRP_HEPATOMEGALY', 'SYM_OL_HEPATOMEGALY']
[WARNING] Duplicate value found: 腹股沟淋巴结 -> ['SYM_CRP_INGUINAL_LYMPH_NODES', 'SYM_KN_INGUINAL_LYMPH_NODES']
[WARNING] Duplicate value found: 瘀斑 -> ['SYM_CRP_ECCHYMOSIS', 'SYM_PETECHIAE']
[WARNING] Duplicate value found: 尿失禁 -> ['SYM_KN_URIN_INCO', 'SYM_LOSS_OF_BLADDER_CONTROL']
[WARNING] Duplicate value found: 脾脏肿大 -> ['SYM_OL_SPLENOMEGALY', 'SYM_HEM_SPLENOMEGALY']
[WARNING] Duplicate value found: 血小板减少 -> ['SYM_THROMBOCYTOPENIA', 'SYM_THROMBOCYTOPENIA_DETECTED']
[WARNING] Duplicate value found: 畏光 -> ['SYM_OPH_PHOTOPHOBIA', 'SYM_PHOTOPHOBIA']
[WARNING] Duplicate value found: 眼痛 -> ['SYM_OPH_EYE_PAIN', 'SYM_EYE_PAIN']
[WARNING] Duplicate value found: 视力模糊 -> ['SYM_OPH_BLURRED_VISION', 'SYM_BLURRED_VISION']
[WARNING] Duplicate value found: 低血容量 -> ['SYM_BLOOD_LOSS', 'SYM_HYPOVOLEMIA']
[WARNING] Duplicate value found: 皮肤撕脱 -> ['SYM_DEGLOVED_SKIN', 'SYM_SKIN_AVULSION']
[WARNING] Duplicate value found: 心脏衰竭 -> ['SYM_HEART_FAILURE', 'SYM_HEART_FAILING']
[WARNING] Duplicate value found: 耳痛 -> ['SYM_OTALGIA', 'SYM_PAIN_IN_THE_EARS']
[WARNING] Duplicate value found: 已识别相关基因 -> ['SYM_DIAG_NPT3', 'SYM_DIAG_BSS', 'SYM_DIAG_ARPKD', 'SYM_DIAG_BIOTIN']
[WARNING] Duplicate value found: 鳞状细胞癌 -> ['SYM_CARCINOME_EPIDERMOIDE', 'SYM_ONCO_CRP_SC2_1_DETECTED', 'SYM_ONCO_CRP_SC2_2_DETECTED', 'SYM_ONCO_CRP_SC2_3_DETECTED', 'SYM_ONCO_CRP_SC2_4_DETECTED']
[WARNING] Duplicate value found: 泌乳素瘤 -> ['SYM_MOREDG_PROLACTINOME_F', 'SYM_MOREDG_PROLACTINOME_H']
[WARNING] Duplicate value found: 全垂体机能衰减 -> ['SYM_MOREDG_PAN_HYPOPITUITARISME_F', 'SYM_MOREDG_PAN_HYPOPITUITARISME_H']
[WARNING] Duplicate value found: 外周肾上腺素功能不全 -> ['SYM_MOREDG_ISRNP_F', 'SYM_MOREDG_ISRNP_H']
[WARNING] Duplicate value found: 21-羟化酶缺乏 -> ['SYM_MOREDG_21OH_F', 'SYM_MOREDG_21OH_H']
[WARNING] Duplicate value found: 镰状细胞 -> ['SYM_MOREDG_DREPANOCYTE_A', 'SYM_MOREDG_DREPANOCYTE_C']
[WARNING] Duplicate value found: 基因突变 -> ['SYM_MOREDG_MUTATION_ACVRL_ENG', 'SYM_MOREDG_MUTATION_HJV_OU_HAMP']
[WARNING] Duplicate value found: 基底细胞癌 -> ['SYM_ONCO_CRP_SC1_1_DETECTED', 'SYM_ONCO_CRP_SC1_2_DETECTED', 'SYM_ONCO_CRP_SC1_3_DETECTED', 'SYM_ONCO_CRP_SC1_4_DETECTED']
[WARNING] Duplicate value found: 检测到黑色素瘤 -> ['SYM_ONCO_CRP_SC3_1_DETECTED', 'SYM_ONCO_CRP_SC3_2_DETECTED', 'SYM_ONCO_CRP_SC3_3_DETECTED']
[WARNING] Duplicate value found: 检出嗜铬细胞瘤 -> ['SYM_ONCO_CRP_AGC1_0_DETECTED', 'SYM_ONCO_CRP_AGC1_1_DETECTED', 'SYM_ONCO_CRP_AGC1_2_DETECTED']
[WARNING] Duplicate value found: 检出肾上腺皮质癌 -> ['SYM_ONCO_CRP_AGC2_0_DETECTED', 'SYM_ONCO_CRP_AGC2_1_DETECTED', 'SYM_ONCO_CRP_AGC2_2_DETECTED']
[WARNING] Duplicate value found: 检测到非小细胞肺癌（NSCLC） -> ['SYM_ONCO_CRP_LC_0_DETECTED', 'SYM_ONCO_CRP_LC_1_DETECTED', 'SYM_ONCO_CRP_LC_2_DETECTED']
[WARNING] Duplicate value found: 检出大肠腺癌 -> ['SYM_ONCO_CRP_BC1_0_DETECTED', 'SYM_ONCO_CRP_BC1_1_DETECTED', 'SYM_ONCO_CRP_BC1_2_DETECTED']
[WARNING] Duplicate value found: 测出浸润性导管癌 -> ['SYM_ONCO_CRP_BREC01_1_DETECTED_V2', 'SYM_ONCO_CRP_BREC01_1M_DETECTED_V2']
[WARNING] Duplicate value found: 测出粘液表皮样癌 -> ['SYM_ONCO_CRP_ORA001_1_DETECTED', 'SYM_ONCO_CRP_ORA001_2_DETECTED']
[WARNING] Duplicate value found: 检测到涎腺导管癌 -> ['SYM_ONCO_CRP_ORA002_1_DETECTED', 'SYM_ONCO_CRP_ORA002_1F_DETECTED']
[WARNING] Duplicate value found: 检测到阴道鳞状细胞癌 -> ['SYM_ONCO_CRP_VAGC2_0F_DETECTED', 'SYM_ONCO_CRP_VAGC2_1F_DETECTED']
[WARNING] Duplicate value found: 中耳积液 -> ['SYM_CRP_JM_FLUID_IN_MIDDLE_EAR', 'SYM_FLUID_IN_MIDDLE_EAR']
[WARNING] Duplicate value found: 患者要求（皮肤调理） -> ['SYM_PLAS_C007', 'SYM_PLAS_C008']
[WARNING] Duplicate value found: 永久性弯曲手指 -> ['SYM_PLAS_R004_M', 'SYM_PLAS_R004_F']
[WARNING] Duplicate value found: 精原细胞瘤睾丸癌 -> ['SYM_KN_SM_TSTM_1', 'SYM_KN_SM_TSTM_2', 'SYM_KN_SM_TSTM_3', 'SYM_KN_SM_TSTM_4']
[WARNING] Duplicate value found: 非精原细胞瘤睾丸癌 -> ['SYM_KN_NSM_TSTM_1', 'SYM_KN_NSM_TSTM_2', 'SYM_KN_NSM_TSTM_3', 'SYM_KN_NSM_TSTM_4']
[WARNING] Duplicate value found: 检测到透明细胞肾细胞癌 -> ['SYM_KN_CCRCC_1', 'SYM_KN_CCRCC_21', 'SYM_KN_CCRCC_22', 'SYM_KN_CCRCC_31', 'SYM_KN_CCRCC_32', 'SYM_KN_CCRCC_4']
[WARNING] Duplicate value found: 膝关节脱位 -> ['SYM_OUT-OF-PLACE_ANKLE', 'SYM_OUT-OF-PLACE_KNEE']
[WARNING] Duplicate value found: 腹腔镜手术 -> ['SUR_SLP_LAPAROSCOPIC_SURGERY', 'SUR_OL_LAPAROSCOPY', 'TRT_LAPAROSCOPIC_SURGERY']
[WARNING] Duplicate value found: 神经重建手术 -> ['SUR_SLP_ONCO_NERVE_DECOM_SURGERY', 'SURG_OTOR_NERVE_DECOM_SURGERY', 'SUR_SLP_PLAS_NERVE_DECOM_SURGERY']
[WARNING] Duplicate value found: 手术切除 -> ['TRT_MOREDG_EXERESE_GS', 'TRT_MOREDG_EXERESE_MI']
[WARNING] Duplicate value found: 抗生素 -> ['TRT_SH_ANTIBIOTICS', 'TRT_ANTIBIOTICS']
[WARNING] Duplicate value found: 皮质类固醇注射 -> ['TRT_CORTICOSTEROID_INJECTIONS', 'TRT_CRP_CORTICOSTEROID_INJECTIONS2']
[WARNING] Duplicate value found: 免疫抑制剂 -> ['TRT_CRP_IMMUNOSUPRR', 'TRT_CRP_IMMUNOSUS_DRUGS', 'TRT_KN_IMMUNO_SUPRES']
[WARNING] Duplicate value found: 硬化疗法 -> ['TRT_CRP_SCLEROTHERAPIE', 'TRT_CRP_SCLEROTHERAPY']
[WARNING] Duplicate value found: 静脉注射免疫球蛋白 -> ['TRT_CRP_INTRAVENOUS_IMMUNOGLOBULIN', 'TRT_INTRAVENOUS_IMMUNOGLOBULIN']
[WARNING] Duplicate value found: 透析 -> ['TRT_KN_DIALYSIS', 'TRT_KN_DIALYSIS_2', 'TRT_DIALYSIS']
[WARNING] Duplicate value found: 清创术 -> ['TRT_DEBRIDEMENT', 'TRT_JM_DEBRIDEMENT']
[WARNING] Duplicate value found: 维生素D -> ['TRT_MOREDG_SUPPLEMENT_vitD', 'TRT_CHOLECALCIFEROL_SUPPLEMENT']
